<?xml version="1.0" encoding="UTF-8"?>
<!-- Generated by org.testng.reporters.JUnitXMLReporter -->
<testsuite ignored="1" hostname="user6" failures="0" tests="1" name="Default test(failed)" time="6.55" errors="0" timestamp="2024-11-07T11:08:32 IST">
  <testcase classname="testScripts.GoolePageSearchTest" name="seleniumSearchTest" time="3.301"/>
  <testcase classname="testScripts.GoolePageSearchTest" name="javaSearchTest" time="0.0">
    <ignored/>
  </testcase> <!-- javaSearchTest -->
</testsuite> <!-- Default test(failed) -->
