<?xml version="1.0" encoding="UTF-8"?>
<!-- Generated by org.testng.reporters.JUnitXMLReporter -->
<testsuite ignored="0" hostname="user6" failures="0" tests="8" name="MethodOneTest" time="0.195" errors="0" timestamp="2024-11-11T12:51:23 IST">
  <testcase classname="parallelScripts.SampleOne" name="testFour" time="0.027"/>
  <testcase classname="parallelScripts.SampleTwoParallelTest" name="testFour" time="0.022"/>
  <testcase classname="parallelScripts.SampleTwoParallelTest" name="testOne" time="0.012"/>
  <testcase classname="parallelScripts.SampleOne" name="testOne" time="0.007"/>
  <testcase classname="parallelScripts.SampleTwoParallelTest" name="testThree" time="0.008"/>
  <testcase classname="parallelScripts.SampleOne" name="testThree" time="0.012"/>
  <testcase classname="parallelScripts.SampleTwoParallelTest" name="testTwo" time="0.022"/>
  <testcase classname="parallelScripts.SampleOne" name="testTwo" time="0.019"/>
</testsuite> <!-- MethodOneTest -->
